# online2-wav-nnet3-latgen-faster --do-endpointing=false --frames-per-chunk=20 --extra-left-context-initial=0 --online=true --config=online/prepare/conf/online.conf --min-active=200 --max-active=7000 --beam=15.0 --lattice-beam=6.0 --acoustic-scale=0.1 --word-symbol-table=exp/chain/tdnn_1d_sp/graph//words.txt online/prepare/final.mdl exp/chain/tdnn_1d_sp/graph//HCLG.fst ark:online/work/spk2utt scp,p:online/work/input.scp "ark:|gzip -c >online/work/lat.1.gz" 
# Started at Mon Nov  7 20:27:30 CST 2022
#
online2-wav-nnet3-latgen-faster --do-endpointing=false --frames-per-chunk=20 --extra-left-context-initial=0 --online=true --config=online/prepare/conf/online.conf --min-active=200 --max-active=7000 --beam=15.0 --lattice-beam=6.0 --acoustic-scale=0.1 --word-symbol-table=exp/chain/tdnn_1d_sp/graph//words.txt online/prepare/final.mdl exp/chain/tdnn_1d_sp/graph//HCLG.fst ark:online/work/spk2utt scp,p:online/work/input.scp 'ark:|gzip -c >online/work/lat.1.gz' 
LOG (online2-wav-nnet3-latgen-faster[5.5.1049~1-4592c5]:ComputeDerivedVars():ivector-extractor.cc:183) Computing derived variables for iVector extractor
LOG (online2-wav-nnet3-latgen-faster[5.5.1049~1-4592c5]:ComputeDerivedVars():ivector-extractor.cc:204) Done.
LOG (online2-wav-nnet3-latgen-faster[5.5.1049~1-4592c5]:RemoveOrphanNodes():nnet-nnet.cc:948) Removed 1 orphan nodes.
LOG (online2-wav-nnet3-latgen-faster[5.5.1049~1-4592c5]:RemoveOrphanComponents():nnet-nnet.cc:847) Removing 2 orphan components.
LOG (online2-wav-nnet3-latgen-faster[5.5.1049~1-4592c5]:Collapse():nnet-utils.cc:1488) Added 1 components, removed 2
LOG (online2-wav-nnet3-latgen-faster[5.5.1049~1-4592c5]:CompileLooped():nnet-compile-looped.cc:345) Spent 0.0351119 seconds in looped compilation.
lbk03_060 teu11 bai31 ge55 tai55 gim24 sam24 oi55 xien24 iung55 ziim24 xien55 din55 kieu55 kang24 kieu55 e31 nang55 m11 voi55 sung24 hed2 lod2 ha24 loi11 
LOG (online2-wav-nnet3-latgen-faster[5.5.1049~1-4592c5]:main():online2-wav-nnet3-latgen-faster.cc:296) Decoded utterance lbk03_060
lbk03_061 ng11 ia31 deu24 man55 fa55 su24 qiu24 hi31 loi11 kong55 a55 su24 zog2 e31 hong55 m11 ho31 ti24 ia31 nong11 e31 ha24 din55 vi55 e31 
LOG (online2-wav-nnet3-latgen-faster[5.5.1049~1-4592c5]:main():online2-wav-nnet3-latgen-faster.cc:296) Decoded utterance lbk03_061
lbk03_062 i11 ia31 gung24 sii24 qin55 fai31 qim11 ngai11 ti24 ia31 din24 ian11 qim11 e11 id2 liong31 siib5 fun24 zung24 han11 qim11 m11 do31 
LOG (online2-wav-nnet3-latgen-faster[5.5.1049~1-4592c5]:main():online2-wav-nnet3-latgen-faster.cc:296) Decoded utterance lbk03_062
lbk03_063 an31 giu31 se55 teu11 go55 do24 hoi55 ngai11 mo11 han11 a55 din24 din24 no31 zon31 
LOG (online2-wav-nnet3-latgen-faster[5.5.1049~1-4592c5]:main():online2-wav-nnet3-latgen-faster.cc:296) Decoded utterance lbk03_063
lbk03_064 ia31 ge55 ngin11 m11 di24 zo55 ma31 ge55 ne24 gui24 ngid2 e31 ti24 ia31 din24 song24 din24 ha24 
LOG (online2-wav-nnet3-latgen-faster[5.5.1049~1-4592c5]:main():online2-wav-nnet3-latgen-faster.cc:296) Decoded utterance lbk03_064
lbk03_065 iang24 xien55 sog2 sai55 zau24 e11 oi55 su24 qiu24 hi31 loi11 m11 ho31 diau55 a55 li11 ba24 hong55 din11 din55 din55 
LOG (online2-wav-nnet3-latgen-faster[5.5.1049~1-4592c5]:main():online2-wav-nnet3-latgen-faster.cc:296) Decoded utterance lbk03_065
lbk03_066 i11 tung11 mai24 gui24 loi11 ge55 fung24 lin11 diau55 ti24 vug2 iam11 ha24 iu24 fung24 ge55 sii11 jied2 din24 dong11 dong11 han11 he55 ho31 tang24 
LOG (online2-wav-nnet3-latgen-faster[5.5.1049~1-4592c5]:main():online2-wav-nnet3-latgen-faster.cc:296) Decoded utterance lbk03_066
lbk03_067 ng11 den24 kiung55 kuai55 loi11 ten55 su31 ca24 e31 ngai11 voi55 din31 m11 iang11 e11 
LOG (online2-wav-nnet3-latgen-faster[5.5.1049~1-4592c5]:main():online2-wav-nnet3-latgen-faster.cc:296) Decoded utterance lbk03_067
lbk03_068 ia31 bai31 ge55 li31 hang11 ho31 siid5 iu55 ho31 gau31 zam31 man11 din31 ngian55 
LOG (online2-wav-nnet3-latgen-faster[5.5.1049~1-4592c5]:main():online2-wav-nnet3-latgen-faster.cc:296) Decoded utterance lbk03_068
lbk03_069 zo55 sii55 zo55 m11 ded2 do55 do55 can24 he55 mo11 voi55 bun24 ngin11 nau24 
LOG (online2-wav-nnet3-latgen-faster[5.5.1049~1-4592c5]:main():online2-wav-nnet3-latgen-faster.cc:296) Decoded utterance lbk03_069
LOG (online2-wav-nnet3-latgen-faster[5.5.1049~1-4592c5]:Print():online-timing.cc:36) Timing stats: real-time factor was 1.15734 (note: this cannot be less than one.)
LOG (online2-wav-nnet3-latgen-faster[5.5.1049~1-4592c5]:Print():online-timing.cc:38) Average delay was 1.40239 seconds.
LOG (online2-wav-nnet3-latgen-faster[5.5.1049~1-4592c5]:Print():online-timing.cc:42) Percentage of time spent idling was 42.3268
LOG (online2-wav-nnet3-latgen-faster[5.5.1049~1-4592c5]:Print():online-timing.cc:44) Longest delay was 1.62903 seconds for utterance 'lbk03_061'
LOG (online2-wav-nnet3-latgen-faster[5.5.1049~1-4592c5]:main():online2-wav-nnet3-latgen-faster.cc:302) Decoded 10 utterances, 0 with errors.
LOG (online2-wav-nnet3-latgen-faster[5.5.1049~1-4592c5]:main():online2-wav-nnet3-latgen-faster.cc:304) Overall likelihood per frame was -0.441623 per frame over 8893 frames.
# Accounting: time=66 threads=1
# Ended (code 0) at Mon Nov  7 20:28:36 CST 2022, elapsed time 66 seconds
