# lattice-scale --inv-acoustic-scale=16 "ark:gunzip -c online/work/lat.*.gz|" ark:- | lattice-add-penalty --word-ins-penalty=1.0 ark:- ark:- | lattice-best-path --word-symbol-table=exp/chain/tdnn_1d_sp/graph//words.txt ark:- ark,t:- | utils/int2sym.pl -f 2- exp/chain/tdnn_1d_sp/graph//words.txt | local/wer_hyp_filter > online/work/scoring_kaldi/penalty_1.0/16.txt 
# Started at Mon Nov  7 20:28:36 CST 2022
#
lattice-scale --inv-acoustic-scale=16 'ark:gunzip -c online/work/lat.*.gz|' ark:- 
lattice-add-penalty --word-ins-penalty=1.0 ark:- ark:- 
lattice-best-path --word-symbol-table=exp/chain/tdnn_1d_sp/graph//words.txt ark:- ark,t:- 
LOG (lattice-best-path[5.5.1049~1-4592c5]:main():lattice-best-path.cc:99) For utterance lbk03_060, best cost 991.743 + -261.139 = 730.604 over 1235 frames.
lbk03_060 teu11 bai31 ge55 tai55 gim24 sam24 oi55 xien24 iung55 ziim24 xien55 din55 kieu55 kang24 kieu55 e31 nang55 m11 voi55 sung24 hed2 lod2 ha24 loi11 
LOG (lattice-best-path[5.5.1049~1-4592c5]:main():lattice-best-path.cc:99) For utterance lbk03_061, best cost 834.44 + -214.808 = 619.633 over 1018 frames.
lbk03_061 ng11 ia31 deu24 man55 fa55 su24 qiu24 hi31 loi11 kong55 a55 su24 zog2 e31 hong55 m11 ho31 ti24 ia31 e24 ha24 din55 vi55 
LOG (lattice-best-path[5.5.1049~1-4592c5]:main():lattice-best-path.cc:99) For utterance lbk03_062, best cost 902.195 + -237.097 = 665.098 over 1129 frames.
lbk03_062 i11 ia31 gung24 sii24 qin55 fai31 qim11 ngai11 ti24 ia31 din24 ian11 qim11 id2 liong31 siib5 fun24 zung24 han11 qim11 m11 do31 
LOG (lattice-best-path[5.5.1049~1-4592c5]:main():lattice-best-path.cc:99) For utterance lbk03_063, best cost 548.943 + -146.244 = 402.699 over 681 frames.
lbk03_063 an31 giu31 se55 teu11 goi55 do24 hoi55 ngai11 mo11 han11 a55 din24 din24 no31 zon31 
LOG (lattice-best-path[5.5.1049~1-4592c5]:main():lattice-best-path.cc:99) For utterance lbk03_064, best cost 613.099 + -163.92 = 449.179 over 787 frames.
lbk03_064 ge55 ngin11 m11 di24 zo55 ma31 ge55 gui24 ngid2 e31 ti24 ia31 din24 song24 din24 ha24 
LOG (lattice-best-path[5.5.1049~1-4592c5]:main():lattice-best-path.cc:99) For utterance lbk03_065, best cost 753.096 + -199.129 = 553.967 over 924 frames.
lbk03_065 iang24 xien55 sog2 sai55 zau24 e11 oi55 su24 qiu24 hi31 loi11 m11 ho31 diau55 a55 li11 ba24 hong55 din11 din55 
LOG (lattice-best-path[5.5.1049~1-4592c5]:main():lattice-best-path.cc:99) For utterance lbk03_066, best cost 889.176 + -231.729 = 657.447 over 1086 frames.
lbk03_066 i11 tung11 ngai11 loi11 ge55 fung24 lin11 diau55 ti24 vug2 iam11 ha24 iu24 fung24 ge55 sii11 jied2 din24 dong11 dong11 han11 he55 ho31 tang24 
LOG (lattice-scale[5.5.1049~1-4592c5]:main():lattice-scale.cc:107) Done 10 lattices.
LOG (lattice-best-path[5.5.1049~1-4592c5]:main():lattice-best-path.cc:99) For utterance lbk03_067, best cost 579.674 + -143.071 = 436.602 over 732 frames.
lbk03_067 ng11 kiung55 kuai55 loi11 ten55 su31 ca24 e31 ngai11 voi55 din31 e11 
LOG (lattice-best-path[5.5.1049~1-4592c5]:main():lattice-best-path.cc:99) For utterance lbk03_068, best cost 543.749 + -145.764 = 397.985 over 672 frames.
lbk03_068 teu11 bai31 ge55 li31 hang11 ho31 siid5 iu55 ho31 gau31 zam31 man11 din31 ngian55 
LOG (lattice-add-penalty[5.5.1049~1-4592c5]:main():lattice-add-penalty.cc:62) Done adding word insertion penalty to 10 lattices.
LOG (lattice-best-path[5.5.1049~1-4592c5]:main():lattice-best-path.cc:99) For utterance lbk03_069, best cost 494.283 + -140.595 = 353.688 over 629 frames.
lbk03_069 zo55 sii55 zo55 m11 ded2 do55 can24 he55 mo11 voi55 bun24 ngin11 nau24 
LOG (lattice-best-path[5.5.1049~1-4592c5]:main():lattice-best-path.cc:124) Overall cost per frame is 0.592253 = 0.804048 [graph] + -0.211795 [acoustic] over 8893 frames.
LOG (lattice-best-path[5.5.1049~1-4592c5]:main():lattice-best-path.cc:128) Done 10 lattices, failed for 0
# Accounting: time=0 threads=1
# Ended (code 0) at Mon Nov  7 20:28:36 CST 2022, elapsed time 0 seconds
